<?xml version="1.0" encoding="UTF-8"?>
<robot generator="Robot 3.1.2 (Python 3.8.0 on win32)" generated="20191121 00:30:12.162" rpa="false">
<suite id="s1" name="TestCases" source="C:\Users\anand\PycharmProjects\RPA-Project\TestCases">
<suite id="s1-s1" name="02-HomePage" source="C:\Users\anand\PycharmProjects\RPA-Project\TestCases\02-HomePage.robot">
<test id="s1-s1-t1" name="TC002-FirstTC-Search Dresses For Women">
<kw name="Launch Application" library="Login_Keywords" type="setup">
<doc>Keywords for launching app</doc>
<kw name="Open Browser" library="SeleniumLibrary">
<doc>Opens a new browser instance to the optional ``url``.</doc>
<arguments>
<arg>${URL}</arg>
<arg>${Browser}</arg>
</arguments>
<msg timestamp="20191121 00:30:12.956" level="INFO">Opening browser 'Chrome' to base url 'http://automationpractice.com/index.php'.</msg>
<kw name="Capture Page Screenshot" library="SeleniumLibrary">
<doc>Takes a screenshot of the current page and embeds it into a log file.</doc>
<msg timestamp="20191121 00:35:30.793" level="INFO" html="yes">&lt;/td&gt;&lt;/tr&gt;&lt;tr&gt;&lt;td colspan="3"&gt;&lt;a href="selenium-screenshot-4.png"&gt;&lt;img src="selenium-screenshot-4.png" width="800px"&gt;&lt;/a&gt;</msg>
<status status="PASS" starttime="20191121 00:35:29.194" endtime="20191121 00:35:30.793"></status>
</kw>
<msg timestamp="20191121 00:35:31.133" level="FAIL">TimeoutException: Message: timeout
  (Session info: chrome=78.0.3904.97)
Stacktrace:
Backtrace:
	Ordinal0 [0x002DEBD3+1502163]
	Ordinal0 [0x0025F781+980865]
	Ordinal0 [0x001E74E8+488680]
	Ordinal0 [0x001E6175+483701]
	Ordinal0 [0x001E5E14+482836]
	Ordinal0 [0x001EAE8D+503437]
	Ordinal0 [0x001EC7BB+509883]
	Ordinal0 [0x001DF5C8+456136]
	Ordinal0 [0x001EAD8C+503180]
	Ordinal0 [0x0019FA5C+195164]
	Ordinal0 [0x001978EB+162027]
	Ordinal0 [0x00180AC7+68295]
	Ordinal0 [0x00181B40+72512]
	Ordinal0 [0x00181AD9+72409]
	Ordinal0 [0x00278FE7+1085415]
	GetHandleVerifier [0x0037D8AD+503293]
	GetHandleVerifier [0x0037D640+502672]
	GetHandleVerifier [0x0038471C+531564]
	GetHandleVerifier [0x0037E0BA+505354]
	Ordinal0 [0x002706B6+1050294]
	Ordinal0 [0x0027052F+1049903]
	Ordinal0 [0x0027B04B+1093707]
	Ordinal0 [0x0027B1B3+1094067]
	Ordinal0 [0x0027A145+1089861]
	BaseThreadInitThunk [0x776B6359+25]
	RtlGetAppContainerNamedObjectPath [0x77BF7B74+228]
	RtlGetAppContainerNamedObjectPath [0x77BF7B44+180]
</msg>
<status status="FAIL" starttime="20191121 00:30:12.956" endtime="20191121 00:35:31.133"></status>
</kw>
<status status="FAIL" starttime="20191121 00:30:12.956" endtime="20191121 00:35:31.133"></status>
</kw>
<kw name="Close Browser Window" library="Login_Keywords" type="teardown">
<doc>Keywords to close browser</doc>
<kw name="Close Browser" library="SeleniumLibrary">
<doc>Closes the current browser.</doc>
<status status="PASS" starttime="20191121 00:35:31.153" endtime="20191121 00:35:33.445"></status>
</kw>
<status status="PASS" starttime="20191121 00:35:31.153" endtime="20191121 00:35:33.445"></status>
</kw>
<tags>
<tag>Sanity</tag>
</tags>
<status status="FAIL" starttime="20191121 00:30:12.956" endtime="20191121 00:35:33.445" critical="yes">Setup failed:
TimeoutException: Message: timeout
  (Session info: chrome=78.0.3904.97)
Stacktrace:
Backtrace:
	Ordinal0 [0x002DEBD3+1502163]
	Ordinal0 [0x0025F781+980865]
	Ordinal0 [0x001E74E8+488680]
	Ordinal0 [0x001E6175+483701]
	Ordinal0 [0x001E5E14+482836]
	Ordinal0 [0x001EAE8D+503437]
	Ordinal0 [0x001EC7BB+509883]
	Ordinal0 [0x001DF5C8+456136]
	Ordinal0 [0x001EAD8C+503180]
	Ordinal0 [0x0019FA5C+195164]
	Ordinal0 [0x001978EB+162027]
	Ordinal0 [0x00180AC7+68295]
	Ordinal0 [0x00181B40+72512]
	Ordinal0 [0x00181AD9+72409]
	Ordinal0 [0x00278FE7+1085415]
	GetHandleVerifier [0x0037D8AD+503293]
	GetHandleVerifier [0x0037D640+502672]
	GetHandleVerifier [0x0038471C+531564]
	GetHandleVerifier [0x0037E0BA+505354]
	Ordinal0 [0x002706B6+1050294]
	Ordinal0 [0x0027052F+1049903]
	Ordinal0 [0x0027B04B+1093707]
	Ordinal0 [0x0027B1B3+1094067]
	Ordinal0 [0x0027A145+1089861]
	BaseThreadInitThunk [0x776B6359+25]
	RtlGetAppContainerNamedObjectPath [0x77BF7B74+228]
	RtlGetAppContainerNamedObjectPath [0x77BF7B44+180]
</status>
</test>
<status status="FAIL" starttime="20191121 00:30:12.240" endtime="20191121 00:35:33.577"></status>
</suite>
<status status="FAIL" starttime="20191121 00:30:12.193" endtime="20191121 00:35:33.597"></status>
</suite>
<statistics>
<total>
<stat pass="0" fail="1">Critical Tests</stat>
<stat pass="0" fail="1">All Tests</stat>
</total>
<tag>
<stat pass="0" fail="1">Sanity</stat>
</tag>
<suite>
<stat pass="0" fail="1" id="s1" name="TestCases">TestCases</stat>
<stat pass="0" fail="1" id="s1-s1" name="02-HomePage">TestCases.02-HomePage</stat>
</suite>
</statistics>
<errors>
</errors>
</robot>
